running script .inner_tools/git_push...
$0:.inner_tools/git_push
$1:/Users/samingzhong/.my_batch_sh
exit_if_target_dir_not_exit...
--------------- ⏫⏫⏫⏫⏫ 目标仓库：/Users/samingzhong/.my_batch_sh ⏫⏫⏫⏫⏫ ----------------
--------------- ⏫⏫⏫⏫⏫ push 开始执行[2022-07-11 18:16:05] ⏫⏫⏫⏫⏫ ----------------
当前目录:/Users/samingzhong/.my_batch_sh
fatal: No pathspec was given. Which files should I remove?
[master 0394eb3] 自动同步(push)[at 2022-07-11 18:16:05]
 4 files changed, 7 insertions(+), 180 deletions(-)
 create mode 100644 .syn.log
 delete mode 100644 111
 delete mode 100644 hello world
 delete mode 100644 syn.log
To github.com:samingzhong/my_batch_sh.git
   fc6b258..0394eb3  master -> master
--------------- ⏫⏫⏫⏫⏫ 目标仓库：/Users/samingzhong/.my_batch_sh ⏫⏫⏫⏫⏫ ----------------
--------------- ⏫⏫⏫⏫⏫ push 执行结束时间[2022-07-11 18:16:09] ⏫⏫⏫⏫⏫ ----------------

running script .inner_tools/git_push...
$0:.inner_tools/git_push
$1:/Users/samingzhong/.my_batch_sh
exit_if_target_dir_not_exit...
--------------- ⏫⏫⏫⏫⏫ 目标仓库：/Users/samingzhong/.my_batch_sh ⏫⏫⏫⏫⏫ ----------------
--------------- ⏫⏫⏫⏫⏫ push 开始执行[2022-07-11 18:17:09] ⏫⏫⏫⏫⏫ ----------------
当前目录:/Users/samingzhong/.my_batch_sh
fatal: No pathspec was given. Which files should I remove?
[master 8e5e34b] 自动同步(push)[at 2022-07-11 18:17:09]
 1 file changed, 7 insertions(+)
To github.com:samingzhong/my_batch_sh.git
   a48027a..8e5e34b  master -> master
--------------- ⏫⏫⏫⏫⏫ 目标仓库：/Users/samingzhong/.my_batch_sh ⏫⏫⏫⏫⏫ ----------------
--------------- ⏫⏫⏫⏫⏫ push 执行结束时间[2022-07-11 18:17:14] ⏫⏫⏫⏫⏫ ----------------

running script .inner_tools/git_push...
$0:.inner_tools/git_push
$1:/Users/samingzhong/.my_batch_sh
exit_if_target_dir_not_exit...
--------------- ⏫⏫⏫⏫⏫ 目标仓库：/Users/samingzhong/.my_batch_sh ⏫⏫⏫⏫⏫ ----------------
--------------- ⏫⏫⏫⏫⏫ push 开始执行[2022-07-11 18:19:00] ⏫⏫⏫⏫⏫ ----------------
当前目录:/Users/samingzhong/.my_batch_sh
fatal: No pathspec was given. Which files should I remove?
[master b3c03df] 自动同步(push)[at 2022-07-11 18:19:00]
 2 files changed, 9 insertions(+), 1 deletion(-)
To github.com:samingzhong/my_batch_sh.git
   c21b543..b3c03df  master -> master
--------------- ⏫⏫⏫⏫⏫ 目标仓库：/Users/samingzhong/.my_batch_sh ⏫⏫⏫⏫⏫ ----------------
--------------- ⏫⏫⏫⏫⏫ push 执行结束时间[2022-07-11 18:19:05] ⏫⏫⏫⏫⏫ ----------------

running script .inner_tools/git_push...
$0:.inner_tools/git_push
$1:/Users/samingzhong/.my_batch_sh
exit_if_target_dir_not_exit...
--------------- ⏫⏫⏫⏫⏫ 目标仓库：/Users/samingzhong/.my_batch_sh ⏫⏫⏫⏫⏫ ----------------
--------------- ⏫⏫⏫⏫⏫ push 开始执行[2022-07-11 18:56:52] ⏫⏫⏫⏫⏫ ----------------
当前目录:/Users/samingzhong/.my_batch_sh
